an_ecosistema sabana => OK
an_ejemplares sabana cebra 80 => OK
an_ejemplares sabana leon 5 => OK
an_ejemplares sabana hipopotamo 20 => OK
an_ejemplares sabana leon 1 => OK
lista_especies_ecosistema sabana 3 => hipopotamo leon cebra 
numero_ejemplares_en_ecosistema sabana cebra => 80
numero_ejemplares_en_ecosistema sabana leon => 6
numero_ejemplares_en_ecosistema sabana hipopotamo => 20
an_ecosistema jungla => OK
an_ejemplares jungla leon 2 => OK
an_ejemplares jungla cocodrilo 50 => OK
an_ejemplares jungla hipopotamo 7 => OK
lista_especies_ecosistema jungla 3 => hipopotamo cocodrilo leon 
numero_ejemplares_en_ecosistema jungla leon => 2
numero_ejemplares_en_ecosistema jungla cocodrilo => 50
numero_ejemplares_en_ecosistema jungla hipopotamo => 7
lista_especies_parque => cebra cocodrilo hipopotamo leon 
numero_ejemplares_en_parque leon => 8
numero_ejemplares_en_parque cocodrilo => 50
numero_ejemplares_en_parque hipopotamo => 27
numero_ejemplares_en_parque cebra => 80
an_ecosistema sabana => ECOSISTEMA_DUPLICADO
an_ejemplares tundra oso 25 => NO_EXISTE_ECOSISTEMA
lista_especies_ecosistema tundra 1 => NO_EXISTE_ECOSISTEMA
numero_ejemplares_en_ecosistema tundra oso => NO_EXISTE_ECOSISTEMA
lista_especies_ecosistema sabana 0 => 
lista_especies_ecosistema sabana 1 => hipopotamo 
lista_especies_ecosistema sabana 2 => hipopotamo leon 
lista_especies_ecosistema sabana 4 => hipopotamo leon cebra 
lista_especies_ecosistema sabana -1 => 
numero_ejemplares_en_ecosistema jungla papagayo => 0
numero_ejemplares_en_parque papagayo => 0
